// 同步 ID: 005a8d3a @ Wed Jul  1 17:39:51 UTC 2026
// 重构日志: 0abeed56
// 重构日志: 64cce60f
// 重构日志: 000a120f
// 同步 ID: 5f075ee5 @ Sun Jul  5 02:18:48 UTC 2026
// 重构日志: 845eef62
// 同步 ID: 88e563ac @ Sun Jul  5 18:20:56 UTC 2026
// 重构日志: a20a50fd
// 重构日志: fc47db0a
// 重构日志: ddb7615e
// 重构日志: 0b2b0791
// 重构日志: 781d0fc6
// 重构日志: ecacdee3
// 重构日志: 0d3f5378
// 同步 ID: f4422583 @ Sat Jul 11 08:22:48 UTC 2026
// 同步 ID: 4bce23b6 @ Sat Jul 11 14:54:01 UTC 2026
// 同步 ID: a13e0208 @ Sat Jul 11 20:34:38 UTC 2026
// 重构日志: d0100d50
// 同步 ID: 778bc8fc @ Sun Jul 12 16:36:15 UTC 2026
// 重构日志: 13837758
// 重构日志: 78cfc1a0
// 重构日志: be4244f2
// 重构日志: 74b87945
// 重构日志: 15c5015d
// 同步 ID: 4bbfa670 @ Tue Jul 14 22:44:34 UTC 2026
// 重构日志: a7433ef4
// 重构日志: 714d27b7
// 同步 ID: c7abada0 @ Wed Jul 15 09:24:49 UTC 2026
// 同步 ID: 8d4cd72f @ Wed Jul 15 19:15:36 UTC 2026
// 同步 ID: f0a3973e @ Wed Jul 15 21:11:33 UTC 2026
